app/build/intermediates/manifest_merge_blame_file/release/manifest-merger-blame-release-report.txt
1<?xml version="1.0" encoding="utf-8"?>
2<manifest xmlns:android="http://schemas.android.com/apk/res/android"
3    package="com.smartcodies.cicddemo"
4    android:versionCode="15"
5    android:versionName="1.0" >
6
7    <uses-sdk
8        android:minSdkVersion="24"
8-->src/main/AndroidManifest.xml
9        android:targetSdkVersion="33" />
9-->src/main/AndroidManifest.xml
10
11    <uses-permission android:name="android.permission.INTERNET" />
11-->src/main/AndroidManifest.xml:5:5-66
11-->src/main/AndroidManifest.xml:5:22-64
12    <uses-permission android:name="android.permission.ACCESS_NETWORK_STATE" />
12-->[com.google.android.gms:play-services-measurement-api:21.2.2] AndroidManifest.xml:23:5-79
12-->[com.google.android.gms:play-services-measurement-api:21.2.2] AndroidManifest.xml:23:22-76
13    <uses-permission android:name="android.permission.WAKE_LOCK" />
13-->[com.google.android.gms:play-services-measurement-api:21.2.2] AndroidManifest.xml:24:5-68
13-->[com.google.android.gms:play-services-measurement-api:21.2.2] AndroidManifest.xml:24:22-65
14    <uses-permission android:name="com.google.android.gms.permission.AD_ID" />
14-->[com.google.android.gms:play-services-measurement-api:21.2.2] AndroidManifest.xml:25:5-79
14-->[com.google.android.gms:play-services-measurement-api:21.2.2] AndroidManifest.xml:25:22-76
15    <uses-permission android:name="com.google.android.finsky.permission.BIND_GET_INSTALL_REFERRER_SERVICE" />
15-->[com.google.android.gms:play-services-measurement:21.2.2] AndroidManifest.xml:26:5-110
15-->[com.google.android.gms:play-services-measurement:21.2.2] AndroidManifest.xml:26:22-107
16
17    <permission
17-->[androidx.core:core:1.9.0] AndroidManifest.xml:22:5-24:47
18        android:name="com.smartcodies.cicddemo.DYNAMIC_RECEIVER_NOT_EXPORTED_PERMISSION"
18-->[androidx.core:core:1.9.0] AndroidManifest.xml:23:9-81
19        android:protectionLevel="signature" />
19-->[androidx.core:core:1.9.0] AndroidManifest.xml:24:9-44
20
21    <uses-permission android:name="com.smartcodies.cicddemo.DYNAMIC_RECEIVER_NOT_EXPORTED_PERMISSION" />
21-->[androidx.core:core:1.9.0] AndroidManifest.xml:26:5-97
21-->[androidx.core:core:1.9.0] AndroidManifest.xml:26:22-94
22
23    <application
23-->src/main/AndroidManifest.xml:7:5-25:19
24        android:allowBackup="true"
24-->src/main/AndroidManifest.xml:8:9-35
25        android:appComponentFactory="androidx.core.app.CoreComponentFactory"
25-->[androidx.core:core:1.9.0] AndroidManifest.xml:28:18-86
26        android:dataExtractionRules="@xml/data_extraction_rules"
26-->src/main/AndroidManifest.xml:9:9-65
27        android:extractNativeLibs="false"
28        android:fullBackupContent="@xml/backup_rules"
28-->src/main/AndroidManifest.xml:10:9-54
29        android:icon="@mipmap/ic_launcher"
29-->src/main/AndroidManifest.xml:11:9-43
30        android:label="@string/app_name"
30-->src/main/AndroidManifest.xml:12:9-41
31        android:supportsRtl="true"
31-->src/main/AndroidManifest.xml:13:9-35
32        android:theme="@style/Theme.CicdDemo" >
32-->src/main/AndroidManifest.xml:14:9-46
33        <activity
33-->src/main/AndroidManifest.xml:16:9-24:20
34            android:name="com.smartcodies.cicddemo.MainActivity"
34-->src/main/AndroidManifest.xml:17:13-65
35            android:exported="true" >
35-->src/main/AndroidManifest.xml:18:13-36
36            <intent-filter>
36-->src/main/AndroidManifest.xml:19:13-23:29
37                <action android:name="android.intent.action.MAIN" />
37-->src/main/AndroidManifest.xml:20:17-69
37-->src/main/AndroidManifest.xml:20:25-66
38
39                <category android:name="android.intent.category.LAUNCHER" />
39-->src/main/AndroidManifest.xml:22:17-77
39-->src/main/AndroidManifest.xml:22:27-74
40            </intent-filter>
41        </activity>
42
43        <service
43-->[com.google.firebase:firebase-crashlytics-ktx:18.3.6] AndroidManifest.xml:23:9-29:19
44            android:name="com.google.firebase.components.ComponentDiscoveryService"
44-->[com.google.firebase:firebase-crashlytics-ktx:18.3.6] AndroidManifest.xml:24:13-84
45            android:directBootAware="true"
45-->[com.google.firebase:firebase-common:20.3.2] AndroidManifest.xml:34:13-43
46            android:exported="false" >
46-->[com.google.firebase:firebase-crashlytics-ktx:18.3.6] AndroidManifest.xml:25:13-37
47            <meta-data
47-->[com.google.firebase:firebase-crashlytics-ktx:18.3.6] AndroidManifest.xml:26:13-28:85
48                android:name="com.google.firebase.components:com.google.firebase.crashlytics.ktx.FirebaseCrashlyticsKtxRegistrar"
48-->[com.google.firebase:firebase-crashlytics-ktx:18.3.6] AndroidManifest.xml:27:17-130
49                android:value="com.google.firebase.components.ComponentRegistrar" />
49-->[com.google.firebase:firebase-crashlytics-ktx:18.3.6] AndroidManifest.xml:28:17-82
50            <meta-data
50-->[com.google.firebase:firebase-analytics-ktx:21.2.2] AndroidManifest.xml:11:13-13:85
51                android:name="com.google.firebase.components:com.google.firebase.analytics.ktx.FirebaseAnalyticsKtxRegistrar"
51-->[com.google.firebase:firebase-analytics-ktx:21.2.2] AndroidManifest.xml:12:17-126
52                android:value="com.google.firebase.components.ComponentRegistrar" />
52-->[com.google.firebase:firebase-analytics-ktx:21.2.2] AndroidManifest.xml:13:17-82
53            <meta-data
53-->[com.google.firebase:firebase-common-ktx:20.3.2] AndroidManifest.xml:14:13-16:85
54                android:name="com.google.firebase.components:com.google.firebase.ktx.FirebaseCommonKtxRegistrar"
54-->[com.google.firebase:firebase-common-ktx:20.3.2] AndroidManifest.xml:15:17-113
55                android:value="com.google.firebase.components.ComponentRegistrar" />
55-->[com.google.firebase:firebase-common-ktx:20.3.2] AndroidManifest.xml:16:17-82
56            <meta-data
56-->[com.google.firebase:firebase-crashlytics:18.3.6] AndroidManifest.xml:17:13-19:85
57                android:name="com.google.firebase.components:com.google.firebase.crashlytics.CrashlyticsRegistrar"
57-->[com.google.firebase:firebase-crashlytics:18.3.6] AndroidManifest.xml:18:17-115
58                android:value="com.google.firebase.components.ComponentRegistrar" />
58-->[com.google.firebase:firebase-crashlytics:18.3.6] AndroidManifest.xml:19:17-82
59            <meta-data
59-->[com.google.android.gms:play-services-measurement-api:21.2.2] AndroidManifest.xml:31:13-33:85
60                android:name="com.google.firebase.components:com.google.firebase.analytics.connector.internal.AnalyticsConnectorRegistrar"
60-->[com.google.android.gms:play-services-measurement-api:21.2.2] AndroidManifest.xml:32:17-139
61                android:value="com.google.firebase.components.ComponentRegistrar" />
61-->[com.google.android.gms:play-services-measurement-api:21.2.2] AndroidManifest.xml:33:17-82
62            <meta-data
62-->[com.google.firebase:firebase-installations:17.1.3] AndroidManifest.xml:17:13-19:85
63                android:name="com.google.firebase.components:com.google.firebase.installations.FirebaseInstallationsRegistrar"
63-->[com.google.firebase:firebase-installations:17.1.3] AndroidManifest.xml:18:17-127
64                android:value="com.google.firebase.components.ComponentRegistrar" />
64-->[com.google.firebase:firebase-installations:17.1.3] AndroidManifest.xml:19:17-82
65        </service>
66
67        <provider
67-->[com.google.firebase:firebase-common:20.3.2] AndroidManifest.xml:25:9-30:39
68            android:name="com.google.firebase.provider.FirebaseInitProvider"
68-->[com.google.firebase:firebase-common:20.3.2] AndroidManifest.xml:26:13-77
69            android:authorities="com.smartcodies.cicddemo.firebaseinitprovider"
69-->[com.google.firebase:firebase-common:20.3.2] AndroidManifest.xml:27:13-72
70            android:directBootAware="true"
70-->[com.google.firebase:firebase-common:20.3.2] AndroidManifest.xml:28:13-43
71            android:exported="false"
71-->[com.google.firebase:firebase-common:20.3.2] AndroidManifest.xml:29:13-37
72            android:initOrder="100" />
72-->[com.google.firebase:firebase-common:20.3.2] AndroidManifest.xml:30:13-36
73
74        <receiver
74-->[com.google.android.gms:play-services-measurement:21.2.2] AndroidManifest.xml:29:9-33:20
75            android:name="com.google.android.gms.measurement.AppMeasurementReceiver"
75-->[com.google.android.gms:play-services-measurement:21.2.2] AndroidManifest.xml:30:13-85
76            android:enabled="true"
76-->[com.google.android.gms:play-services-measurement:21.2.2] AndroidManifest.xml:31:13-35
77            android:exported="false" >
77-->[com.google.android.gms:play-services-measurement:21.2.2] AndroidManifest.xml:32:13-37
78        </receiver>
79
80        <service
80-->[com.google.android.gms:play-services-measurement:21.2.2] AndroidManifest.xml:35:9-38:40
81            android:name="com.google.android.gms.measurement.AppMeasurementService"
81-->[com.google.android.gms:play-services-measurement:21.2.2] AndroidManifest.xml:36:13-84
82            android:enabled="true"
82-->[com.google.android.gms:play-services-measurement:21.2.2] AndroidManifest.xml:37:13-35
83            android:exported="false" />
83-->[com.google.android.gms:play-services-measurement:21.2.2] AndroidManifest.xml:38:13-37
84        <service
84-->[com.google.android.gms:play-services-measurement:21.2.2] AndroidManifest.xml:39:9-43:72
85            android:name="com.google.android.gms.measurement.AppMeasurementJobService"
85-->[com.google.android.gms:play-services-measurement:21.2.2] AndroidManifest.xml:40:13-87
86            android:enabled="true"
86-->[com.google.android.gms:play-services-measurement:21.2.2] AndroidManifest.xml:41:13-35
87            android:exported="false"
87-->[com.google.android.gms:play-services-measurement:21.2.2] AndroidManifest.xml:42:13-37
88            android:permission="android.permission.BIND_JOB_SERVICE" />
88-->[com.google.android.gms:play-services-measurement:21.2.2] AndroidManifest.xml:43:13-69
89
90        <meta-data
90-->[com.google.android.gms:play-services-basement:18.1.0] AndroidManifest.xml:21:9-23:69
91            android:name="com.google.android.gms.version"
91-->[com.google.android.gms:play-services-basement:18.1.0] AndroidManifest.xml:22:13-58
92            android:value="@integer/google_play_services_version" />
92-->[com.google.android.gms:play-services-basement:18.1.0] AndroidManifest.xml:23:13-66
93
94        <provider
94-->[androidx.emoji2:emoji2:1.2.0] AndroidManifest.xml:24:9-32:20
95            android:name="androidx.startup.InitializationProvider"
95-->[androidx.emoji2:emoji2:1.2.0] AndroidManifest.xml:25:13-67
96            android:authorities="com.smartcodies.cicddemo.androidx-startup"
96-->[androidx.emoji2:emoji2:1.2.0] AndroidManifest.xml:26:13-68
97            android:exported="false" >
97-->[androidx.emoji2:emoji2:1.2.0] AndroidManifest.xml:27:13-37
98            <meta-data
98-->[androidx.emoji2:emoji2:1.2.0] AndroidManifest.xml:29:13-31:52
99                android:name="androidx.emoji2.text.EmojiCompatInitializer"
99-->[androidx.emoji2:emoji2:1.2.0] AndroidManifest.xml:30:17-75
100                android:value="androidx.startup" />
100-->[androidx.emoji2:emoji2:1.2.0] AndroidManifest.xml:31:17-49
101            <meta-data
101-->[androidx.lifecycle:lifecycle-process:2.4.1] AndroidManifest.xml:31:13-33:52
102                android:name="androidx.lifecycle.ProcessLifecycleInitializer"
102-->[androidx.lifecycle:lifecycle-process:2.4.1] AndroidManifest.xml:32:17-78
103                android:value="androidx.startup" />
103-->[androidx.lifecycle:lifecycle-process:2.4.1] AndroidManifest.xml:33:17-49
104        </provider>
105
106        <service
106-->[com.google.android.datatransport:transport-backend-cct:3.1.9] AndroidManifest.xml:28:9-34:19
107            android:name="com.google.android.datatransport.runtime.backends.TransportBackendDiscovery"
107-->[com.google.android.datatransport:transport-backend-cct:3.1.9] AndroidManifest.xml:29:13-103
108            android:exported="false" >
108-->[com.google.android.datatransport:transport-backend-cct:3.1.9] AndroidManifest.xml:30:13-37
109            <meta-data
109-->[com.google.android.datatransport:transport-backend-cct:3.1.9] AndroidManifest.xml:31:13-33:39
110                android:name="backend:com.google.android.datatransport.cct.CctBackendFactory"
110-->[com.google.android.datatransport:transport-backend-cct:3.1.9] AndroidManifest.xml:32:17-94
111                android:value="cct" />
111-->[com.google.android.datatransport:transport-backend-cct:3.1.9] AndroidManifest.xml:33:17-36
112        </service>
113        <service
113-->[com.google.android.datatransport:transport-runtime:3.1.9] AndroidManifest.xml:26:9-30:19
114            android:name="com.google.android.datatransport.runtime.scheduling.jobscheduling.JobInfoSchedulerService"
114-->[com.google.android.datatransport:transport-runtime:3.1.9] AndroidManifest.xml:27:13-117
115            android:exported="false"
115-->[com.google.android.datatransport:transport-runtime:3.1.9] AndroidManifest.xml:28:13-37
116            android:permission="android.permission.BIND_JOB_SERVICE" >
116-->[com.google.android.datatransport:transport-runtime:3.1.9] AndroidManifest.xml:29:13-69
117        </service>
118
119        <receiver
119-->[com.google.android.datatransport:transport-runtime:3.1.9] AndroidManifest.xml:32:9-34:40
120            android:name="com.google.android.datatransport.runtime.scheduling.jobscheduling.AlarmManagerSchedulerBroadcastReceiver"
120-->[com.google.android.datatransport:transport-runtime:3.1.9] AndroidManifest.xml:33:13-132
121            android:exported="false" />
121-->[com.google.android.datatransport:transport-runtime:3.1.9] AndroidManifest.xml:34:13-37
122    </application>
123
124</manifest>